ことり
converted 'http://kachagain.com/llsif/buttons/336.png' (ANSI_X3.4-1968) -> 'http://kachagain.com/llsif/buttons/336.png' (UTF-8)
--2017-06-11 14:03:49--  http://kachagain.com/llsif/buttons/336.png
Resolving kachagain.com (kachagain.com)... 212.227.247.133
Connecting to kachagain.com (kachagain.com)|212.227.247.133|:80... connected.
HTTP request sent, awaiting response... 200 OK
Length: 20806 (20K) [image/png]
Saving to: '/var/www/callback/img/icon0.png'

     0K .......... ..........                                 100% 75.1K=0.3s

2017-06-11 14:03:50 (75.1 KB/s) - '/var/www/callback/img/icon0.png' saved [20806/20806]

converted 'http://kachagain.com/llsif/buttons/504.png' (ANSI_X3.4-1968) -> 'http://kachagain.com/llsif/buttons/504.png' (UTF-8)
--2017-06-11 14:03:51--  http://kachagain.com/llsif/buttons/504.png
Resolving kachagain.com (kachagain.com)... 212.227.247.133
Connecting to kachagain.com (kachagain.com)|212.227.247.133|:80... connected.
HTTP request sent, awaiting response... 200 OK
Length: 24312 (24K) [image/png]
Saving to: '/var/www/callback/img/icon1.png'

     0K .......... .......... ...                             100% 86.0K=0.3s

2017-06-11 14:03:51 (86.0 KB/s) - '/var/www/callback/img/icon1.png' saved [24312/24312]

converted 'http://kachagain.com/llsif/buttons/496.png' (ANSI_X3.4-1968) -> 'http://kachagain.com/llsif/buttons/496.png' (UTF-8)
--2017-06-11 14:03:52--  http://kachagain.com/llsif/buttons/496.png
Resolving kachagain.com (kachagain.com)... 212.227.247.133
Connecting to kachagain.com (kachagain.com)|212.227.247.133|:80... connected.
HTTP request sent, awaiting response... 200 OK
Length: 19507 (19K) [image/png]
Saving to: '/var/www/callback/img/icon2.png'

     0K .......... .........                                  100% 65.3K=0.3s

2017-06-11 14:03:52 (65.3 KB/s) - '/var/www/callback/img/icon2.png' saved [19507/19507]

converted 'http://kachagain.com/llsif/buttons/571.png' (ANSI_X3.4-1968) -> 'http://kachagain.com/llsif/buttons/571.png' (UTF-8)
--2017-06-11 14:03:53--  http://kachagain.com/llsif/buttons/571.png
Resolving kachagain.com (kachagain.com)... 212.227.247.133
Connecting to kachagain.com (kachagain.com)|212.227.247.133|:80... connected.
HTTP request sent, awaiting response... 200 OK
Length: 19886 (19K) [image/png]
Saving to: '/var/www/callback/img/icon3.png'

     0K .......... .........                                  100% 69.6K=0.3s

2017-06-11 14:03:53 (69.6 KB/s) - '/var/www/callback/img/icon3.png' saved [19886/19886]

converted 'http://kachagain.com/llsif/buttons/496.png' (ANSI_X3.4-1968) -> 'http://kachagain.com/llsif/buttons/496.png' (UTF-8)
--2017-06-11 14:03:54--  http://kachagain.com/llsif/buttons/496.png
Resolving kachagain.com (kachagain.com)... 212.227.247.133
Connecting to kachagain.com (kachagain.com)|212.227.247.133|:80... connected.
HTTP request sent, awaiting response... 200 OK
Length: 19507 (19K) [image/png]
Saving to: '/var/www/callback/img/icon4.png'

     0K .......... .........                                  100% 66.7K=0.3s

2017-06-11 14:03:54 (66.7 KB/s) - '/var/www/callback/img/icon4.png' saved [19507/19507]

converted 'http://kachagain.com/llsif/buttons/571.png' (ANSI_X3.4-1968) -> 'http://kachagain.com/llsif/buttons/571.png' (UTF-8)
--2017-06-11 14:03:55--  http://kachagain.com/llsif/buttons/571.png
Resolving kachagain.com (kachagain.com)... 212.227.247.133
Connecting to kachagain.com (kachagain.com)|212.227.247.133|:80... connected.
HTTP request sent, awaiting response... 200 OK
Length: 19886 (19K) [image/png]
Saving to: '/var/www/callback/img/icon5.png'

     0K .......... .........                                  100% 62.6K=0.3s

2017-06-11 14:03:56 (62.6 KB/s) - '/var/www/callback/img/icon5.png' saved [19886/19886]

converted 'http://kachagain.com/llsif/buttons/286.png' (ANSI_X3.4-1968) -> 'http://kachagain.com/llsif/buttons/286.png' (UTF-8)
--2017-06-11 14:03:56--  http://kachagain.com/llsif/buttons/286.png
Resolving kachagain.com (kachagain.com)... 212.227.247.133
Connecting to kachagain.com (kachagain.com)|212.227.247.133|:80... connected.
HTTP request sent, awaiting response... 200 OK
Length: 20204 (20K) [image/png]
Saving to: '/var/www/callback/img/icon6.png'

     0K .......... .........                                  100% 67.9K=0.3s

2017-06-11 14:03:57 (67.9 KB/s) - '/var/www/callback/img/icon6.png' saved [20204/20204]

converted 'http://kachagain.com/llsif/buttons/681.png' (ANSI_X3.4-1968) -> 'http://kachagain.com/llsif/buttons/681.png' (UTF-8)
--2017-06-11 14:03:57--  http://kachagain.com/llsif/buttons/681.png
Resolving kachagain.com (kachagain.com)... 212.227.247.133
Connecting to kachagain.com (kachagain.com)|212.227.247.133|:80... connected.
HTTP request sent, awaiting response... 200 OK
Length: 19550 (19K) [image/png]
Saving to: '/var/www/callback/img/icon7.png'

     0K .......... .........                                  100% 60.3K=0.3s

2017-06-11 14:03:58 (60.3 KB/s) - '/var/www/callback/img/icon7.png' saved [19550/19550]

converted 'http://kachagain.com/llsif/buttons/681.png' (ANSI_X3.4-1968) -> 'http://kachagain.com/llsif/buttons/681.png' (UTF-8)
--2017-06-11 14:03:58--  http://kachagain.com/llsif/buttons/681.png
Resolving kachagain.com (kachagain.com)... 212.227.247.133
Connecting to kachagain.com (kachagain.com)|212.227.247.133|:80... connected.
HTTP request sent, awaiting response... 200 OK
Length: 19550 (19K) [image/png]
Saving to: '/var/www/callback/img/icon8.png'

     0K .......... .........                                  100% 64.6K=0.3s

2017-06-11 14:03:59 (64.6 KB/s) - '/var/www/callback/img/icon8.png' saved [19550/19550]

converted 'http://kachagain.com/llsif/buttons/286.png' (ANSI_X3.4-1968) -> 'http://kachagain.com/llsif/buttons/286.png' (UTF-8)
--2017-06-11 14:03:59--  http://kachagain.com/llsif/buttons/286.png
Resolving kachagain.com (kachagain.com)... 212.227.247.133
Connecting to kachagain.com (kachagain.com)|212.227.247.133|:80... connected.
HTTP request sent, awaiting response... 200 OK
Length: 20204 (20K) [image/png]
Saving to: '/var/www/callback/img/icon9.png'

     0K .......... .........                                  100% 67.1K=0.3s

2017-06-11 14:04:00 (67.1 KB/s) - '/var/www/callback/img/icon9.png' saved [20204/20204]

converted 'http://kachagain.com/llsif/buttons/432.png' (ANSI_X3.4-1968) -> 'http://kachagain.com/llsif/buttons/432.png' (UTF-8)
--2017-06-11 14:04:00--  http://kachagain.com/llsif/buttons/432.png
Resolving kachagain.com (kachagain.com)... 212.227.247.133
Connecting to kachagain.com (kachagain.com)|212.227.247.133|:80... connected.
HTTP request sent, awaiting response... 200 OK
Length: 21075 (21K) [image/png]
Saving to: '/var/www/callback/img/icon10.png'

     0K .......... ..........                                 100% 51.3K=0.4s

2017-06-11 14:04:01 (51.3 KB/s) - '/var/www/callback/img/icon10.png' saved [21075/21075]

RことりSRことり(七福神編)*RことりRことりRことりRことりRことりRことりRことりRことりRことり
create_gacha_image
